<?xml version="1.0" encoding="UTF-8"?>
<!-- Generated by org.testng.reporters.JUnitReportReporter -->
<testsuite hostname="ShahidTheSimple" failures="0" tests="6" name="testng.log" time="37.539" errors="0" timestamp="2023-02-28T02:15:32 IST" skipped="0">
  <testcase classname="testng.log" name="login" time="11.627"/>
  <system-out/>
  <testcase classname="testng.log" name="subs" time="12.930"/>
  <system-out/>
  <testcase classname="testng.log" name="homepage" time="4.363"/>
  <system-out/>
  <testcase classname="testng.log" name="search" time="3.569"/>
  <system-out/>
  <testcase classname="testng.log" name="categories" time="1.143"/>
  <system-out/>
  <testcase classname="testng.log" name="productpage" time="3.907"/>
  <system-out/>
</testsuite> <!-- testng.log -->
