<?xml version="1.0" encoding="UTF-8"?>
<!-- Generated by org.testng.reporters.JUnitReportReporter -->
<testsuite hostname="ShahidTheSimple" failures="0" tests="6" name="testng.log" time="41.022" errors="0" timestamp="2023-02-28T02:25:38 IST" skipped="0">
  <testcase classname="testng.log" name="login" time="13.879"/>
  <system-out/>
  <testcase classname="testng.log" name="subs" time="10.093"/>
  <system-out/>
  <testcase classname="testng.log" name="homepage" time="3.839"/>
  <system-out/>
  <testcase classname="testng.log" name="search" time="3.563"/>
  <system-out/>
  <testcase classname="testng.log" name="categories" time="2.269"/>
  <system-out/>
  <testcase classname="testng.log" name="productpage" time="7.379"/>
  <system-out/>
</testsuite> <!-- testng.log -->
