<?xml version="1.0" encoding="UTF-8"?>
<!-- Generated by org.testng.reporters.JUnitReportReporter -->
<testsuite hostname="ShahidTheSimple" failures="0" tests="5" name="testng.log" time="31.496" errors="0" timestamp="2023-02-26T00:08:05 IST" skipped="0">
  <testcase classname="testng.log" name="login" time="9.773"/>
  <system-out/>
  <testcase classname="testng.log" name="opencat" time="2.734"/>
  <system-out/>
  <testcase classname="testng.log" name="homepage" time="3.925"/>
  <system-out/>
  <testcase classname="testng.log" name="search" time="5.276"/>
  <system-out/>
  <testcase classname="testng.log" name="subs" time="9.788"/>
  <system-out/>
</testsuite> <!-- testng.log -->
