<?xml version="1.0" encoding="UTF-8"?>
<!-- Generated by org.testng.reporters.JUnitReportReporter -->
<testsuite hostname="ShahidTheSimple" failures="0" tests="2" name="testng.screenTest" time="22.246" errors="0" timestamp="2023-02-28T01:21:20 IST" skipped="0">
  <testcase classname="testng.screenTest" name="categories" time="21.127"/>
  <system-out/>
  <testcase classname="testng.screenTest" name="test" time="1.119"/>
  <system-out/>
</testsuite> <!-- testng.screenTest -->
