<?xml version="1.0" encoding="UTF-8"?>
<!-- Generated by org.testng.reporters.JUnitReportReporter -->
<testsuite hostname="ShahidTheSimple" failures="0" tests="1" name="testng.screenTest" time="3.973" errors="0" timestamp="2023-02-25T23:25:27 IST" skipped="0">
  <testcase classname="testng.screenTest" name="test" time="3.973"/>
  <system-out/>
</testsuite> <!-- testng.screenTest -->
